[    2762ms] [ERROR] Failed to load resource: the server responded with a status of 403 () @ https://dash.cloudflare.com/api/v4/accounts/ee2f93a001a7c4d74320cd9578ba630c/access/organizations:0
[    7879ms] [WARNING] The object key "th" is not a valid nested key in Fela.
Maybe you forgot to add a plugin to resolve it?
Check http://fela.js.org/docs/basics/Rules.html#styleobject for more information. @ https://dash.cloudflare.com/cf-113c1bd92fa87a17.js:2
[    7902ms] [WARNING] The object key "th" is not a valid nested key in Fela.
Maybe you forgot to add a plugin to resolve it?
Check http://fela.js.org/docs/basics/Rules.html#styleobject for more information. @ https://dash.cloudflare.com/cf-113c1bd92fa87a17.js:2
[    7987ms] [WARNING] The object key "th" is not a valid nested key in Fela.
Maybe you forgot to add a plugin to resolve it?
Check http://fela.js.org/docs/basics/Rules.html#styleobject for more information. @ https://dash.cloudflare.com/cf-113c1bd92fa87a17.js:2
[    7998ms] [WARNING] The object key "th" is not a valid nested key in Fela.
Maybe you forgot to add a plugin to resolve it?
Check http://fela.js.org/docs/basics/Rules.html#styleobject for more information. @ https://dash.cloudflare.com/cf-113c1bd92fa87a17.js:2
[    8088ms] [WARNING] The object key "th" is not a valid nested key in Fela.
Maybe you forgot to add a plugin to resolve it?
Check http://fela.js.org/docs/basics/Rules.html#styleobject for more information. @ https://dash.cloudflare.com/cf-113c1bd92fa87a17.js:2
[    8099ms] [WARNING] The object key "th" is not a valid nested key in Fela.
Maybe you forgot to add a plugin to resolve it?
Check http://fela.js.org/docs/basics/Rules.html#styleobject for more information. @ https://dash.cloudflare.com/cf-113c1bd92fa87a17.js:2
[    8282ms] [WARNING] The object key "th" is not a valid nested key in Fela.
Maybe you forgot to add a plugin to resolve it?
Check http://fela.js.org/docs/basics/Rules.html#styleobject for more information. @ https://dash.cloudflare.com/cf-113c1bd92fa87a17.js:2
[    8297ms] [WARNING] The object key "th" is not a valid nested key in Fela.
Maybe you forgot to add a plugin to resolve it?
Check http://fela.js.org/docs/basics/Rules.html#styleobject for more information. @ https://dash.cloudflare.com/cf-113c1bd92fa87a17.js:2
[   17109ms] [ERROR] Failed to load resource: the server responded with a status of 403 () @ https://dash.cloudflare.com/api/v4/accounts/ee2f93a001a7c4d74320cd9578ba630c/access/organizations:0
[   41991ms] [ERROR] Failed to load resource: the server responded with a status of 403 () @ https://dash.cloudflare.com/api/v4/accounts/ee2f93a001a7c4d74320cd9578ba630c/access/organizations:0
[  108916ms] [ERROR] Failed to load resource: the server responded with a status of 403 () @ https://dash.cloudflare.com/api/v4/accounts/ee2f93a001a7c4d74320cd9578ba630c/access/organizations:0
